<?xml version="1.0" encoding="UTF-8"?>
<testng-results skipped="0" failed="1" ignored="0" total="2" passed="1">
  <reporter-output>
  </reporter-output>
  <suite name="Suite" duration-ms="26747" started-at="2020-04-22T11:45:10 IST" finished-at="2020-04-22T11:45:37 IST">
    <groups>
    </groups>
    <test name="Test" duration-ms="26747" started-at="2020-04-22T11:45:10 IST" finished-at="2020-04-22T11:45:37 IST">
      <class name="tests.FindAStoreTest">
        <test-method status="PASS" signature="setDriver(java.lang.String)[pri:0, instance:tests.FindAStoreTest@37d31475]" name="setDriver" is-config="true" duration-ms="8601" started-at="2020-04-22T11:45:10 IST" finished-at="2020-04-22T11:45:19 IST">
          <params>
            <param index="0">
              <value>
                <![CDATA[chrome]]>
              </value>
            </param>
          </params>
          <reporter-output>
          </reporter-output>
        </test-method> <!-- setDriver -->
        <test-method status="PASS" signature="searchStore()[pri:0, instance:tests.FindAStoreTest@37d31475]" name="searchStore" duration-ms="12077" started-at="2020-04-22T11:45:19 IST" finished-at="2020-04-22T11:45:31 IST">
          <reporter-output>
          </reporter-output>
        </test-method> <!-- searchStore -->
        <test-method status="PASS" signature="reportResults(org.testng.ITestResult)[pri:0, instance:tests.FindAStoreTest@37d31475]" name="reportResults" is-config="true" duration-ms="3" started-at="2020-04-22T11:45:31 IST" finished-at="2020-04-22T11:45:31 IST">
          <params>
            <param index="0">
              <value>
                <![CDATA[[TestResult name=searchStore status=SUCCESS method=FindAStoreTest.searchStore()[pri:0, instance:tests.FindAStoreTest@37d31475] output={null}]]]>
              </value>
            </param>
          </params>
          <reporter-output>
          </reporter-output>
        </test-method> <!-- reportResults -->
        <test-method status="FAIL" signature="searchStoreFail()[pri:0, instance:tests.FindAStoreTest@37d31475]" name="searchStoreFail" duration-ms="4754" started-at="2020-04-22T11:45:31 IST" finished-at="2020-04-22T11:45:35 IST">
          <exception class="java.lang.AssertionError">
            <message>
              <![CDATA[null]]>
            </message>
            <full-stacktrace>
              <![CDATA[java.lang.AssertionError: null
at org.testng.Assert.fail(Assert.java:97)
at org.testng.Assert.fail(Assert.java:102)
at tests.FindAStoreTest.searchStoreFail(FindAStoreTest.java:98)
at sun.reflect.NativeMethodAccessorImpl.invoke0(Native Method)
at sun.reflect.NativeMethodAccessorImpl.invoke(NativeMethodAccessorImpl.java:62)
at sun.reflect.DelegatingMethodAccessorImpl.invoke(DelegatingMethodAccessorImpl.java:43)
at java.lang.reflect.Method.invoke(Method.java:498)
at org.testng.internal.MethodInvocationHelper.invokeMethod(MethodInvocationHelper.java:134)
at org.testng.internal.TestInvoker.invokeMethod(TestInvoker.java:597)
at org.testng.internal.TestInvoker.invokeTestMethod(TestInvoker.java:173)
at org.testng.internal.MethodRunner.runInSequence(MethodRunner.java:46)
at org.testng.internal.TestInvoker$MethodInvocationAgent.invoke(TestInvoker.java:816)
at org.testng.internal.TestInvoker.invokeTestMethods(TestInvoker.java:146)
at org.testng.internal.TestMethodWorker.invokeTestMethods(TestMethodWorker.java:146)
at org.testng.internal.TestMethodWorker.run(TestMethodWorker.java:128)
at java.util.ArrayList.forEach(ArrayList.java:1257)
at org.testng.TestRunner.privateRun(TestRunner.java:766)
at org.testng.TestRunner.run(TestRunner.java:587)
at org.testng.SuiteRunner.runTest(SuiteRunner.java:384)
at org.testng.SuiteRunner.runSequentially(SuiteRunner.java:378)
at org.testng.SuiteRunner.privateRun(SuiteRunner.java:337)
at org.testng.SuiteRunner.run(SuiteRunner.java:286)
at org.testng.SuiteRunnerWorker.runSuite(SuiteRunnerWorker.java:53)
at org.testng.SuiteRunnerWorker.run(SuiteRunnerWorker.java:96)
at org.testng.TestNG.runSuitesSequentially(TestNG.java:1187)
at org.testng.TestNG.runSuitesLocally(TestNG.java:1109)
at org.testng.TestNG.runSuites(TestNG.java:1039)
at org.testng.TestNG.run(TestNG.java:1007)
at org.testng.remote.AbstractRemoteTestNG.run(AbstractRemoteTestNG.java:115)
at org.testng.remote.RemoteTestNG.initAndRun(RemoteTestNG.java:251)
at org.testng.remote.RemoteTestNG.main(RemoteTestNG.java:77)
]]>
            </full-stacktrace>
          </exception> <!-- java.lang.AssertionError -->
          <reporter-output>
          </reporter-output>
        </test-method> <!-- searchStoreFail -->
        <test-method status="PASS" signature="reportResults(org.testng.ITestResult)[pri:0, instance:tests.FindAStoreTest@37d31475]" name="reportResults" is-config="true" duration-ms="0" started-at="2020-04-22T11:45:35 IST" finished-at="2020-04-22T11:45:35 IST">
          <params>
            <param index="0">
              <value>
                <![CDATA[[TestResult name=searchStoreFail status=FAILURE method=FindAStoreTest.searchStoreFail()[pri:0, instance:tests.FindAStoreTest@37d31475] output={null}]]]>
              </value>
            </param>
          </params>
          <reporter-output>
          </reporter-output>
        </test-method> <!-- reportResults -->
        <test-method status="PASS" signature="teardown()[pri:0, instance:tests.FindAStoreTest@37d31475]" name="teardown" is-config="true" duration-ms="1244" started-at="2020-04-22T11:45:35 IST" finished-at="2020-04-22T11:45:37 IST">
          <reporter-output>
          </reporter-output>
        </test-method> <!-- teardown -->
      </class> <!-- tests.FindAStoreTest -->
    </test> <!-- Test -->
  </suite> <!-- Suite -->
</testng-results>
